19-12-2024 11:13:19, Version: 27.0.0.85 x64
19-12-2024 11:13:19, Size: 1920x1080
19-12-2024 11:13:19, System: NTSC 59.94i
19-12-2024 11:13:19, Codec: H264
19-12-2024 11:13:19, Format: UYVY 16 1498831189
19-12-2024 11:13:19, AudioDevice: vMix Audio
19-12-2024 11:13:19, AudioFormat: 48000 Hz 16 Bit 2 Channels
19-12-2024 11:13:19, AudioDelay: 0
19-12-2024 11:13:19, RestartInterval: 0
19-12-2024 11:13:19, Buffers: 10
19-12-2024 11:13:19, BitRate: 8 Mbps
19-12-2024 11:13:19, AudioBitRate: 384 Kbps
19-12-2024 11:39:19, StartRecording
19-12-2024 11:40:27, StopRecording
19-12-2024 11:40:27, Duration: 00:01:08
19-12-2024 11:40:27, Frames: 1697
19-12-2024 11:40:27, DroppedFrames: 0
19-12-2024 11:40:27,   DueToSourceFrameRate: 0
19-12-2024 11:40:27,   DueToHardDiskOrCPU: 0
19-12-2024 11:40:27, DroppedSamples: 0
19-12-2024 11:40:27, MissedSamples: 0
19-12-2024 11:40:27, SyncedSamples: 0
19-12-2024 11:40:27, AudioOffset: 0
19-12-2024 11:40:27, AudioDelay: 0
19-12-2024 11:40:27, AudioEngine
19-12-2024 11:40:27,   Running: True
19-12-2024 11:40:27,   SampleRate: 48000hz 16 Bit
19-12-2024 11:40:27,   MixingErrors: 0
19-12-2024 11:40:27,     Streams
19-12-2024 11:40:27,       Mixer
19-12-2024 11:40:27,         Samples: 105540
19-12-2024 11:40:27,         Dropped: Read 0 Write 0
19-12-2024 11:40:27,         Latency: 0 ms
19-12-2024 11:40:27,         Errors: 0
