19-12-2024 14:26:29, Version: 27.0.0.85 x64
19-12-2024 14:26:29, Size: 1920x1080
19-12-2024 14:26:29, System: NTSC 59.94i
19-12-2024 14:26:29, Codec: H264
19-12-2024 14:26:29, Format: UYVY 16 1498831189
19-12-2024 14:26:29, AudioDevice: vMix Audio
19-12-2024 14:26:29, AudioFormat: 48000 Hz 16 Bit 2 Channels
19-12-2024 14:26:29, AudioDelay: 0
19-12-2024 14:26:29, RestartInterval: 0
19-12-2024 14:26:29, Buffers: 10
19-12-2024 14:26:29, BitRate: 8 Mbps
19-12-2024 14:26:29, AudioBitRate: 384 Kbps
19-12-2024 14:26:40, StartRecording
19-12-2024 14:26:40, StopRecording
19-12-2024 14:26:40, Duration: 00:00:01
19-12-2024 14:26:40, Frames: 15
19-12-2024 14:26:40, DroppedFrames: 0
19-12-2024 14:26:40,   DueToSourceFrameRate: 0
19-12-2024 14:26:40,   DueToHardDiskOrCPU: 0
19-12-2024 14:26:40, DroppedSamples: 0
19-12-2024 14:26:40, MissedSamples: 0
19-12-2024 14:26:40, SyncedSamples: 0
19-12-2024 14:26:40, AudioOffset: 11919920
19-12-2024 14:26:40, AudioDelay: 0
19-12-2024 14:26:40, AudioEngine
19-12-2024 14:26:40,   Running: True
19-12-2024 14:26:40,   SampleRate: 48000hz 16 Bit
19-12-2024 14:26:40,   MixingErrors: 0
19-12-2024 14:26:40,     Streams
19-12-2024 14:26:40,       Mixer
19-12-2024 14:26:40,         Samples: 8198
19-12-2024 14:26:40,         Dropped: Read 0 Write 0
19-12-2024 14:26:40,         Latency: 0 ms
19-12-2024 14:26:40,         Errors: 0
19-12-2024 14:26:40,       Audio
19-12-2024 14:26:40,         Samples: 5782
19-12-2024 14:26:40,         Dropped: Read 3 Write 0
19-12-2024 14:26:40,         Latency: 60 ms
19-12-2024 14:26:40,         TargetLatency: 80 ms
19-12-2024 14:26:40,         Resampled: 0/60
19-12-2024 14:26:40,         Errors: 0
