19-12-2024 11:13:19, Version: 27.0.0.85 x64
19-12-2024 11:13:19, Size: 1920x1080
19-12-2024 11:13:19, System: NTSC 59.94i
19-12-2024 11:13:19, Codec: H264
19-12-2024 11:13:19, Format: UYVY 16 1498831189
19-12-2024 11:13:19, AudioDevice: vMix Audio
19-12-2024 11:13:19, AudioFormat: 48000 Hz 16 Bit 2 Channels
19-12-2024 11:13:19, AudioDelay: 0
19-12-2024 11:13:19, RestartInterval: 0
19-12-2024 11:13:19, Buffers: 10
19-12-2024 11:13:19, BitRate: 8 Mbps
19-12-2024 11:13:19, AudioBitRate: 384 Kbps
19-12-2024 11:13:22, StartRecording
19-12-2024 11:24:14, StopRecording
19-12-2024 11:24:14, Duration: 00:10:52
19-12-2024 11:24:14, Frames: 16312
19-12-2024 11:24:14, DroppedFrames: 0
19-12-2024 11:24:14,   DueToSourceFrameRate: 0
19-12-2024 11:24:14,   DueToHardDiskOrCPU: 0
19-12-2024 11:24:14, DroppedSamples: 0
19-12-2024 11:24:14, MissedSamples: 0
19-12-2024 11:24:14, SyncedSamples: 0
19-12-2024 11:24:14, AudioOffset: 0
19-12-2024 11:24:14, AudioDelay: 0
19-12-2024 11:24:14, AudioEngine
19-12-2024 11:24:14,   Running: True
19-12-2024 11:24:14,   SampleRate: 48000hz 16 Bit
19-12-2024 11:24:14,   MixingErrors: 0
19-12-2024 11:24:14,     Streams
19-12-2024 11:24:14,       Mixer
19-12-2024 11:24:14,         Samples: 56870
19-12-2024 11:24:14,         Dropped: Read 0 Write 0
19-12-2024 11:24:14,         Latency: 0 ms
19-12-2024 11:24:14,         Errors: 0
19-12-2024 11:24:14,       Audio
19-12-2024 11:24:14,         Samples: 38492
19-12-2024 11:24:14,         Dropped: Read 2 Write 0
19-12-2024 11:24:14,         Latency: 60 ms
19-12-2024 11:24:14,         TargetLatency: 80 ms
19-12-2024 11:24:14,         Resampled: 120/40
19-12-2024 11:24:14,         Errors: 0
